[0.031s] Invoking command in '/home/mhp35/ros2_ws/src/my_bot/build/my_bot': CMAKE_PREFIX_PATH=${CMAKE_PREFIX_PATH}:/home/mhp35/ros2_ws/install/ardupilot_ros:/opt/ros/humble /usr/bin/cmake /home/mhp35/ros2_ws/src/my_bot -DAMENT_CMAKE_SYMLINK_INSTALL=1 -DCMAKE_INSTALL_PREFIX=/home/mhp35/ros2_ws/src/my_bot/install/my_bot
[0.078s] -- The C compiler identification is GNU 11.4.0
[0.187s] -- The CXX compiler identification is GNU 11.4.0
[0.250s] -- Detecting C compiler ABI info
[0.295s] -- Detecting C compiler ABI info - done
[0.298s] -- Check for working C compiler: /usr/lib/ccache/cc - skipped
[0.299s] -- Detecting C compile features
[0.299s] -- Detecting C compile features - done
[0.303s] -- Detecting CXX compiler ABI info
[0.360s] -- Detecting CXX compiler ABI info - done
[0.364s] -- Check for working CXX compiler: /usr/lib/ccache/c++ - skipped
[0.364s] -- Detecting CXX compile features
[0.364s] -- Detecting CXX compile features - done
[0.366s] -- Found ament_cmake: 1.3.6 (/opt/ros/humble/share/ament_cmake/cmake)
[0.479s] -- Found Python3: /usr/bin/python3.10 (found version "3.10.12") found components: Interpreter 
[0.515s] -- Override CMake install command with custom implementation using symlinks instead of copying resources
[0.534s] -- Found ament_lint_auto: 0.12.9 (/opt/ros/humble/share/ament_lint_auto/cmake)
[0.582s] -- Added test 'copyright' to check source files copyright and LICENSE
[0.584s] -- Added test 'cppcheck' to perform static code analysis on C / C++ code
[0.584s] -- Configured cppcheck include dirs: 
[0.584s] -- Configured cppcheck exclude dirs and/or files: 
[0.587s] -- Added test 'cpplint' to check C / C++ code against the Google style
[0.587s] -- Configured cpplint exclude dirs and/or files: 
[0.587s] -- Added test 'flake8' to check Python code syntax and style conventions
[0.588s] -- Added test 'lint_cmake' to check CMake code style
[0.589s] -- Added test 'pep257' to check Python code against some of the docstring style conventions in PEP 257
[0.591s] -- Added test 'uncrustify' to check C / C++ code style
[0.591s] -- Configured uncrustify additional arguments: 
[0.592s] -- Added test 'xmllint' to check XML markup files
[0.593s] -- Configuring done
[0.594s] -- Generating done
[0.595s] -- Build files have been written to: /home/mhp35/ros2_ws/src/my_bot/build/my_bot
[0.598s] Invoked command in '/home/mhp35/ros2_ws/src/my_bot/build/my_bot' returned '0': CMAKE_PREFIX_PATH=${CMAKE_PREFIX_PATH}:/home/mhp35/ros2_ws/install/ardupilot_ros:/opt/ros/humble /usr/bin/cmake /home/mhp35/ros2_ws/src/my_bot -DAMENT_CMAKE_SYMLINK_INSTALL=1 -DCMAKE_INSTALL_PREFIX=/home/mhp35/ros2_ws/src/my_bot/install/my_bot
[0.599s] Invoking command in '/home/mhp35/ros2_ws/src/my_bot/build/my_bot': CMAKE_PREFIX_PATH=${CMAKE_PREFIX_PATH}:/home/mhp35/ros2_ws/install/ardupilot_ros:/opt/ros/humble /usr/bin/cmake --build /home/mhp35/ros2_ws/src/my_bot/build/my_bot -- -j20 -l20
[0.616s] Invoked command in '/home/mhp35/ros2_ws/src/my_bot/build/my_bot' returned '0': CMAKE_PREFIX_PATH=${CMAKE_PREFIX_PATH}:/home/mhp35/ros2_ws/install/ardupilot_ros:/opt/ros/humble /usr/bin/cmake --build /home/mhp35/ros2_ws/src/my_bot/build/my_bot -- -j20 -l20
[0.629s] Invoking command in '/home/mhp35/ros2_ws/src/my_bot/build/my_bot': CMAKE_PREFIX_PATH=${CMAKE_PREFIX_PATH}:/home/mhp35/ros2_ws/install/ardupilot_ros:/opt/ros/humble /usr/bin/cmake --install /home/mhp35/ros2_ws/src/my_bot/build/my_bot
[0.632s] -- Install configuration: ""
[0.633s] -- Execute custom install script
[0.633s] -- Symlinking: /home/mhp35/ros2_ws/src/my_bot/install/my_bot/share/my_bot/config/empty.yaml
[0.637s] -- Symlinking: /home/mhp35/ros2_ws/src/my_bot/install/my_bot/share/my_bot/description/robot.urdf.xacro
[0.641s] -- Symlinking: /home/mhp35/ros2_ws/src/my_bot/install/my_bot/share/my_bot/launch/rsp.launch.py
[0.645s] -- Symlinking: /home/mhp35/ros2_ws/src/my_bot/install/my_bot/share/my_bot/worlds/empty.world
[0.649s] -- Symlinking: /home/mhp35/ros2_ws/src/my_bot/install/my_bot/share/ament_index/resource_index/package_run_dependencies/my_bot
[0.653s] -- Symlinking: /home/mhp35/ros2_ws/src/my_bot/install/my_bot/share/ament_index/resource_index/parent_prefix_path/my_bot
[0.657s] -- Symlinking: /home/mhp35/ros2_ws/src/my_bot/install/my_bot/share/my_bot/environment/ament_prefix_path.sh
[0.661s] -- Symlinking: /home/mhp35/ros2_ws/src/my_bot/install/my_bot/share/my_bot/environment/ament_prefix_path.dsv
[0.664s] -- Symlinking: /home/mhp35/ros2_ws/src/my_bot/install/my_bot/share/my_bot/environment/path.sh
[0.668s] -- Symlinking: /home/mhp35/ros2_ws/src/my_bot/install/my_bot/share/my_bot/environment/path.dsv
[0.672s] -- Symlinking: /home/mhp35/ros2_ws/src/my_bot/install/my_bot/share/my_bot/local_setup.bash
[0.676s] -- Symlinking: /home/mhp35/ros2_ws/src/my_bot/install/my_bot/share/my_bot/local_setup.sh
[0.679s] -- Symlinking: /home/mhp35/ros2_ws/src/my_bot/install/my_bot/share/my_bot/local_setup.zsh
[0.683s] -- Symlinking: /home/mhp35/ros2_ws/src/my_bot/install/my_bot/share/my_bot/local_setup.dsv
[0.687s] -- Symlinking: /home/mhp35/ros2_ws/src/my_bot/install/my_bot/share/my_bot/package.dsv
[0.691s] -- Symlinking: /home/mhp35/ros2_ws/src/my_bot/install/my_bot/share/ament_index/resource_index/packages/my_bot
[0.694s] -- Symlinking: /home/mhp35/ros2_ws/src/my_bot/install/my_bot/share/my_bot/cmake/my_botConfig.cmake
[0.698s] -- Symlinking: /home/mhp35/ros2_ws/src/my_bot/install/my_bot/share/my_bot/cmake/my_botConfig-version.cmake
[0.702s] -- Symlinking: /home/mhp35/ros2_ws/src/my_bot/install/my_bot/share/my_bot/package.xml
[0.706s] Invoked command in '/home/mhp35/ros2_ws/src/my_bot/build/my_bot' returned '0': CMAKE_PREFIX_PATH=${CMAKE_PREFIX_PATH}:/home/mhp35/ros2_ws/install/ardupilot_ros:/opt/ros/humble /usr/bin/cmake --install /home/mhp35/ros2_ws/src/my_bot/build/my_bot
